2023-10-12 01:16:58 info: GET /users/allUser 200 55.871 ms - 30 {}

2023-10-12 01:17:08 info: POST /users/register 200 85.804 ms - 306 {"username":"kia","password":"1234","email":"kia@tigers.com"}

2023-10-12 01:17:12 info: POST /users/login 500 14.053 ms - 142 {"email":"lg@twins.com","password":"1234"}

2023-10-12 01:17:16 info: GET /users/allUser 200 3.156 ms - 308 {}

2023-10-12 01:37:01 info: POST /users/register 200 92.931 ms - 303 {"username":"lg","password":"1234","email":"lg@twins.com"}

2023-10-12 01:38:06 info: POST /users/register 200 73.332 ms - 312 {"username":"kiwoom","password":"1234","email":"kiwoon@heroes.com"}

2023-10-12 01:38:26 info: POST /users/register 200 76.698 ms - 303 {"username":"nc","password":"1234","email":"nc@dinos.com"}

2023-10-12 01:38:55 info: POST /users/register 200 79.502 ms - 311 {"username":"doosan","password":"1234","email":"doosan@bears.com"}

2023-10-12 01:39:15 info: POST /users/login 200 94.053 ms - 539 {"email":"doosan@bears.com","password":"1234"}

2023-10-12 01:39:23 info: GET /users/allUser 200 6.847 ms - 1429 {}

2023-10-12 01:39:43 info: POST /users/login 200 82.809 ms - 531 {"email":"lg@twins.com","password":"1234"}

2023-10-12 01:40:57 info: GET /users/allUser 200 2.348 ms - 1429 {}

2023-10-12 01:41:06 info: POST /users/login 200 80.899 ms - 531 {"email":"lg@twins.com","password":"1234"}

2023-10-12 01:42:00 info: POST /friend/req/234d8ddc-ecab-4f60-ad1e-9bdbead6fc4c 200 18.124 ms - 203 {}

2023-10-12 01:44:00 info: POST /friend/req/6af2ceff-42f5-49ed-aefa-342bd41c19c9 200 12.880 ms - 203 {}

2023-10-12 01:44:43 info: GET /friend/sent/list 200 11.464 ms - 251 {}

2023-10-12 01:46:44 info: GET /friend/sent/list 200 5.305 ms - 251 {}

2023-10-12 01:47:49 info: POST /users/register 200 85.045 ms - 301 {"username":"kt","password":"1234","email":"kt@wiz.com"}

2023-10-12 01:48:05 info: POST /users/login 200 87.988 ms - 529 {"email":"kt@wiz.com","password":"1234"}

2023-10-12 01:48:21 info: GET /users/allUser 200 3.469 ms - 1703 {}

2023-10-12 01:48:35 info: POST /friend/req/9c1cfaba-76c4-48e4-9361-f4651f16dd8b 200 8.977 ms - 203 {}

2023-10-12 01:50:51 info: POST /friend/req/9c1cfaba-76c4-48e4-9361-f4651f16dd8b 400 20.997 ms - 52 {}

2023-10-12 01:51:23 info: POST /users/login 200 87.979 ms - 531 {"email":"lg@twins.com","password":"1234"}

2023-10-12 01:51:36 info: GET /friend/req/list 404 2.324 ms - 154 {}

2023-10-12 01:51:38 info: GET /friend/req/list 404 1.547 ms - 154 {}

2023-10-12 01:52:09 info: GET /friend/received/list 200 12.548 ms - 154 {}

2023-10-12 01:53:10 info: GET /friend/received/list 200 8.219 ms - 154 {}

2023-10-12 01:56:30 info: GET /users/allUser 200 8.555 ms - 1703 {}

2023-10-12 02:01:41 info: POST /friend/req/9c1cfaba-76c4-48e4-9361-f4651f16dd8b 400 17.584 ms - 52 {}

2023-10-12 02:01:46 info: GET /friend/sent/list 500 15.831 ms - 1457 {}

2023-10-12 02:01:52 info: GET /friend/sent/list 500 2.975 ms - 1457 {}

2023-10-12 02:01:57 info: POST /users/login 200 83.416 ms - 531 {"email":"lg@twins.com","password":"1234"}

2023-10-12 02:02:09 info: POST /users/login 200 75.113 ms - 531 {"email":"lg@twins.com","password":"1234"}

2023-10-12 02:02:26 info: GET /friend/sent/list 200 4.698 ms - 251 {}

2023-10-12 02:03:24 info: GET /friend/sent/list 200 23.373 ms - 242 {}

2023-10-12 02:07:37 info: GET /friend/sent/list 200 21.967 ms - 242 {}

2023-10-12 02:22:57 info: GET /friend/sent/list 500 21.781 ms - 1457 {}

2023-10-12 02:23:01 info: POST /users/login 200 88.881 ms - 531 {"email":"lg@twins.com","password":"1234"}

2023-10-12 02:23:14 info: GET /friend/sent/list 500 3.594 ms - 1463 {}

2023-10-12 02:24:31 info: GET /friend/sent/list 500 4.574 ms - 1463 {}

2023-10-12 02:24:35 info: POST /users/login 200 85.757 ms - 531 {"email":"lg@twins.com","password":"1234"}

2023-10-12 02:24:45 info: GET /friend/sent/list 200 13.253 ms - 242 {}

2023-10-12 02:27:30 info: DELETE /friend/req/drop/6af2ceff-42f5-49ed-aefa-342bd41c19c9 404 3.076 ms - 194 {}

2023-10-12 02:27:34 info: DELETE /friend/req/drop/6af2ceff-42f5-49ed-aefa-342bd41c19c9 404 2.186 ms - 194 {}

2023-10-12 02:29:13 info: DELETE /friend/req/drop/6af2ceff-42f5-49ed-aefa-342bd41c19c9 404 0.538 ms - 194 {}

2023-10-12 02:29:38 info: DELETE /friend/req/drop/6af2ceff-42f5-49ed-aefa-342bd41c19c9 404 0.643 ms - 194 {}

2023-10-12 02:31:31 info: DELETE /friend/req/drop/6af2ceff-42f5-49ed-aefa-342bd41c19c9 404 3.106 ms - 194 {}

2023-10-12 02:31:32 info: DELETE /friend/req/drop/6af2ceff-42f5-49ed-aefa-342bd41c19c9 404 3.153 ms - 194 {}

2023-10-12 02:32:36 info: DELETE /friend/req/drop/6af2ceff-42f5-49ed-aefa-342bd41c19c9 404 0.677 ms - 194 {}

2023-10-12 02:32:36 info: DELETE /friend/req/drop/6af2ceff-42f5-49ed-aefa-342bd41c19c9 404 0.603 ms - 194 {}

2023-10-12 02:32:40 info: POST /users/login 200 88.676 ms - 531 {"email":"lg@twins.com","password":"1234"}

2023-10-12 02:32:57 info: DELETE /friend/req/drop/6af2ceff-42f5-49ed-aefa-342bd41c19c9 404 0.525 ms - 194 {}

2023-10-12 02:32:59 info: DELETE /friend/req/drop/6af2ceff-42f5-49ed-aefa-342bd41c19c9 404 0.352 ms - 194 {}

2023-10-12 02:33:09 info: GET /friend/sent/list 200 13.230 ms - 242 {}

2023-10-12 02:33:19 info: DELETE /friend/req/drop/6af2ceff-42f5-49ed-aefa-342bd41c19c9 404 0.607 ms - 194 {}

2023-10-12 02:33:22 info: GET /friend/received/list 500 13.592 ms - 1457 {}

2023-10-12 02:33:29 info: GET /friend/received/list 500 3.320 ms - 1457 {}

2023-10-12 02:33:37 info: GET /friend/received/list 500 1.381 ms - 1392 {}

2023-10-12 02:33:54 info: GET /friend/received/list 200 9.512 ms - 145 {}

2023-10-12 02:34:04 info: POST /friend/accept/642a2f82-7cfa-4a93-b54a-83dd9f7f8458 500 2.568 ms - 1463 {}

2023-10-12 02:35:13 info: POST /friend/accept/642a2f82-7cfa-4a93-b54a-83dd9f7f8458 500 2.515 ms - 1463 {}

2023-10-12 02:35:31 info: POST /friend/accept/642a2f82-7cfa-4a93-b54a-83dd9f7f8458 500 4.658 ms - 1463 {}

2023-10-12 02:35:46 info: DELETE /friend/reject/642a2f82-7cfa-4a93-b54a-83dd9f7f8458 500 2.768 ms - 1463 {}

2023-10-12 02:36:02 info: DELETE /friend/reject/642a2f82-7cfa-4a93-b54a-83dd9f7f8458 200 9.178 ms - 46 {}

2023-10-12 02:36:08 info: GET /friend/received/list 200 3.538 ms - 54 {}

2023-10-12 02:36:55 info: GET /friend/sent/list 200 24.003 ms - 242 {}

2023-10-12 02:37:08 info: DELETE /friend/req/drop/6af2ceff-42f5-49ed-aefa-342bd41c19c9 404 3.158 ms - 194 {}

2023-10-12 02:37:09 info: DELETE /friend/req/drop/6af2ceff-42f5-49ed-aefa-342bd41c19c9 404 0.965 ms - 194 {}

2023-10-12 02:37:13 info: DELETE /friend/req/drop/6af2ceff-42f5-49ed-aefa-342bd41c19c9 404 1.024 ms - 194 {}

2023-10-12 02:37:45 info: GET /friend/sent/list 200 5.223 ms - 242 {}

2023-10-12 02:37:52 info: DELETE /friend/req/drop/6af2ceff-42f5-49ed-aefa-342bd41c19c9 404 0.780 ms - 194 {}

2023-10-12 02:37:53 info: DELETE /friend/req/drop/6af2ceff-42f5-49ed-aefa-342bd41c19c9 404 1.541 ms - 194 {}

2023-10-12 02:42:34 info: DELETE /friend/req/drop/6af2ceff-42f5-49ed-aefa-342bd41c19c9 404 2.940 ms - 194 {}

2023-10-12 02:42:48 info: DELETE /friend/req/drop/6af2ceff-42f5-49ed-aefa-342bd41c19c9 200 27.133 ms - 46 {}

2023-10-12 02:44:21 info: DELETE /friend/req/drop/6af2ceff-42f5-49ed-aefa-342bd41c19c9 200 21.150 ms - 46 {}

2023-10-12 02:44:57 info: GET /friend/sent/list 200 9.477 ms - 149 {}

